{"C:\\Users\\josef\\OneDrive\\Documentos\\GitHub\\DevOps\\controllers\\estudiantesController.js": {"path":"C:\\Users\\josef\\OneDrive\\Documentos\\GitHub\\DevOps\\controllers\\estudiantesController.js","statementMap":{"0":{"start":{"line":2,"column":13},"end":{"line":2,"column":28}},"1":{"start":{"line":5,"column":20},"end":{"line":5,"column":52}},"2":{"start":{"line":8,"column":0},"end":{"line":15,"column":1}},"3":{"start":{"line":9,"column":2},"end":{"line":14,"column":3}},"4":{"start":{"line":10,"column":21},"end":{"line":10,"column":45}},"5":{"start":{"line":11,"column":4},"end":{"line":11,"column":19}},"6":{"start":{"line":13,"column":4},"end":{"line":13,"column":27}},"7":{"start":{"line":18,"column":0},"end":{"line":26,"column":1}},"8":{"start":{"line":19,"column":2},"end":{"line":25,"column":3}},"9":{"start":{"line":20,"column":15},"end":{"line":20,"column":28}},"10":{"start":{"line":21,"column":20},"end":{"line":21,"column":50}},"11":{"start":{"line":22,"column":4},"end":{"line":22,"column":18}},"12":{"start":{"line":24,"column":4},"end":{"line":24,"column":27}},"13":{"start":{"line":29,"column":0},"end":{"line":36,"column":1}},"14":{"start":{"line":30,"column":2},"end":{"line":35,"column":3}},"15":{"start":{"line":31,"column":20},"end":{"line":31,"column":45}},"16":{"start":{"line":32,"column":4},"end":{"line":32,"column":25}},"17":{"start":{"line":34,"column":4},"end":{"line":34,"column":27}},"18":{"start":{"line":39,"column":0},"end":{"line":49,"column":1}},"19":{"start":{"line":40,"column":2},"end":{"line":48,"column":3}},"20":{"start":{"line":41,"column":15},"end":{"line":41,"column":28}},"21":{"start":{"line":42,"column":20},"end":{"line":42,"column":28}},"22":{"start":{"line":43,"column":30},"end":{"line":43,"column":37}},"23":{"start":{"line":44,"column":19},"end":{"line":44,"column":85}},"24":{"start":{"line":45,"column":4},"end":{"line":45,"column":17}},"25":{"start":{"line":47,"column":4},"end":{"line":47,"column":27}},"26":{"start":{"line":52,"column":0},"end":{"line":60,"column":1}},"27":{"start":{"line":53,"column":2},"end":{"line":59,"column":3}},"28":{"start":{"line":54,"column":15},"end":{"line":54,"column":28}},"29":{"start":{"line":55,"column":20},"end":{"line":55,"column":59}},"30":{"start":{"line":56,"column":4},"end":{"line":56,"column":18}},"31":{"start":{"line":58,"column":4},"end":{"line":58,"column":27}}},"fnMap":{"0":{"name":"(anonymous_0)","decl":{"start":{"line":8,"column":22},"end":{"line":8,"column":23}},"loc":{"start":{"line":8,"column":44},"end":{"line":15,"column":1}},"line":8},"1":{"name":"(anonymous_1)","decl":{"start":{"line":18,"column":27},"end":{"line":18,"column":28}},"loc":{"start":{"line":18,"column":49},"end":{"line":26,"column":1}},"line":18},"2":{"name":"(anonymous_2)","decl":{"start":{"line":29,"column":21},"end":{"line":29,"column":22}},"loc":{"start":{"line":29,"column":43},"end":{"line":36,"column":1}},"line":29},"3":{"name":"(anonymous_3)","decl":{"start":{"line":39,"column":24},"end":{"line":39,"column":25}},"loc":{"start":{"line":39,"column":46},"end":{"line":49,"column":1}},"line":39},"4":{"name":"(anonymous_4)","decl":{"start":{"line":52,"column":24},"end":{"line":52,"column":25}},"loc":{"start":{"line":52,"column":46},"end":{"line":60,"column":1}},"line":52}},"branchMap":{},"s":{"0":1,"1":1,"2":1,"3":0,"4":0,"5":0,"6":0,"7":1,"8":0,"9":0,"10":0,"11":0,"12":0,"13":1,"14":0,"15":0,"16":0,"17":0,"18":1,"19":1,"20":1,"21":1,"22":1,"23":1,"24":1,"25":0,"26":1,"27":0,"28":0,"29":0,"30":0,"31":0},"f":{"0":0,"1":0,"2":0,"3":1,"4":0},"b":{},"_coverageSchema":"1a1c01bbd47fc00a2c39e90264f33305004495a9","hash":"c60462d7cce2e013851d14d88a284c7ad5906d4b"}
,"C:\\Users\\josef\\OneDrive\\Documentos\\GitHub\\DevOps\\controllers\\materiasController.js": {"path":"C:\\Users\\josef\\OneDrive\\Documentos\\GitHub\\DevOps\\controllers\\materiasController.js","statementMap":{"0":{"start":{"line":2,"column":13},"end":{"line":2,"column":28}},"1":{"start":{"line":5,"column":17},"end":{"line":5,"column":46}},"2":{"start":{"line":8,"column":0},"end":{"line":15,"column":1}},"3":{"start":{"line":9,"column":2},"end":{"line":14,"column":3}},"4":{"start":{"line":10,"column":21},"end":{"line":10,"column":42}},"5":{"start":{"line":11,"column":4},"end":{"line":11,"column":19}},"6":{"start":{"line":13,"column":4},"end":{"line":13,"column":27}},"7":{"start":{"line":18,"column":0},"end":{"line":26,"column":1}},"8":{"start":{"line":19,"column":2},"end":{"line":25,"column":3}},"9":{"start":{"line":20,"column":15},"end":{"line":20,"column":28}},"10":{"start":{"line":21,"column":20},"end":{"line":21,"column":47}},"11":{"start":{"line":22,"column":4},"end":{"line":22,"column":18}},"12":{"start":{"line":24,"column":4},"end":{"line":24,"column":27}},"13":{"start":{"line":29,"column":0},"end":{"line":36,"column":1}},"14":{"start":{"line":30,"column":2},"end":{"line":35,"column":3}},"15":{"start":{"line":31,"column":20},"end":{"line":31,"column":42}},"16":{"start":{"line":32,"column":4},"end":{"line":32,"column":25}},"17":{"start":{"line":34,"column":4},"end":{"line":34,"column":27}},"18":{"start":{"line":39,"column":0},"end":{"line":49,"column":1}},"19":{"start":{"line":40,"column":2},"end":{"line":48,"column":3}},"20":{"start":{"line":41,"column":15},"end":{"line":41,"column":28}},"21":{"start":{"line":42,"column":20},"end":{"line":42,"column":28}},"22":{"start":{"line":43,"column":30},"end":{"line":43,"column":37}},"23":{"start":{"line":44,"column":19},"end":{"line":44,"column":82}},"24":{"start":{"line":45,"column":4},"end":{"line":45,"column":17}},"25":{"start":{"line":47,"column":4},"end":{"line":47,"column":27}},"26":{"start":{"line":52,"column":0},"end":{"line":60,"column":1}},"27":{"start":{"line":53,"column":2},"end":{"line":59,"column":3}},"28":{"start":{"line":54,"column":26},"end":{"line":54,"column":39}},"29":{"start":{"line":55,"column":20},"end":{"line":55,"column":67}},"30":{"start":{"line":56,"column":4},"end":{"line":56,"column":18}},"31":{"start":{"line":58,"column":4},"end":{"line":58,"column":27}}},"fnMap":{"0":{"name":"(anonymous_0)","decl":{"start":{"line":8,"column":22},"end":{"line":8,"column":23}},"loc":{"start":{"line":8,"column":44},"end":{"line":15,"column":1}},"line":8},"1":{"name":"(anonymous_1)","decl":{"start":{"line":18,"column":27},"end":{"line":18,"column":28}},"loc":{"start":{"line":18,"column":49},"end":{"line":26,"column":1}},"line":18},"2":{"name":"(anonymous_2)","decl":{"start":{"line":29,"column":21},"end":{"line":29,"column":22}},"loc":{"start":{"line":29,"column":43},"end":{"line":36,"column":1}},"line":29},"3":{"name":"(anonymous_3)","decl":{"start":{"line":39,"column":24},"end":{"line":39,"column":25}},"loc":{"start":{"line":39,"column":46},"end":{"line":49,"column":1}},"line":39},"4":{"name":"(anonymous_4)","decl":{"start":{"line":52,"column":24},"end":{"line":52,"column":25}},"loc":{"start":{"line":52,"column":46},"end":{"line":60,"column":1}},"line":52}},"branchMap":{},"s":{"0":1,"1":1,"2":1,"3":1,"4":1,"5":1,"6":0,"7":1,"8":0,"9":0,"10":0,"11":0,"12":0,"13":1,"14":0,"15":0,"16":0,"17":0,"18":1,"19":0,"20":0,"21":0,"22":0,"23":0,"24":0,"25":0,"26":1,"27":0,"28":0,"29":0,"30":0,"31":0},"f":{"0":1,"1":0,"2":0,"3":0,"4":0},"b":{},"_coverageSchema":"1a1c01bbd47fc00a2c39e90264f33305004495a9","hash":"655b7aa1da566834f4a522ee1dcc07f5bcf1f915"}
,"C:\\Users\\josef\\OneDrive\\Documentos\\GitHub\\DevOps\\models\\Estudiantes.js": {"path":"C:\\Users\\josef\\OneDrive\\Documentos\\GitHub\\DevOps\\models\\Estudiantes.js","statementMap":{"0":{"start":{"line":1,"column":17},"end":{"line":1,"column":36}},"1":{"start":{"line":3,"column":26},"end":{"line":13,"column":2}},"2":{"start":{"line":15,"column":0},"end":{"line":15,"column":65}}},"fnMap":{},"branchMap":{},"s":{"0":1,"1":1,"2":1},"f":{},"b":{},"_coverageSchema":"1a1c01bbd47fc00a2c39e90264f33305004495a9","hash":"a7eb0d1da5169a1018777b48dddb09a1778c25b7"}
,"C:\\Users\\josef\\OneDrive\\Documentos\\GitHub\\DevOps\\models\\Materias.js": {"path":"C:\\Users\\josef\\OneDrive\\Documentos\\GitHub\\DevOps\\models\\Materias.js","statementMap":{"0":{"start":{"line":1,"column":17},"end":{"line":1,"column":36}},"1":{"start":{"line":3,"column":23},"end":{"line":10,"column":2}},"2":{"start":{"line":12,"column":0},"end":{"line":12,"column":59}}},"fnMap":{},"branchMap":{},"s":{"0":1,"1":1,"2":1},"f":{},"b":{},"_coverageSchema":"1a1c01bbd47fc00a2c39e90264f33305004495a9","hash":"0a5d19158c2dd3c7710222221e58cc7cb83b65ec"}
}
